Copyright 1986-2021 Xilinx, Inc. All Rights Reserved.
-----------------------------------------------------------------------------------------------
| Tool Version : Vivado v.2021.1 (lin64) Build 3247384 Thu Jun 10 19:36:07 MDT 2021
| Date         : Thu Aug  5 21:58:49 2021
| Host         : varuns5600x running 64-bit Ubuntu 20.04.2 LTS
| Command      : report_utilization -hierarchical -file top_utilization_hierarchical_place.rpt
| Design       : top
| Device       : 7a100tcsg324-1
| Design State : Fully Placed
-----------------------------------------------------------------------------------------------

Utilization Design Information

Table of Contents
-----------------
1. Utilization by Hierarchy

1. Utilization by Hierarchy
---------------------------

+------------------------------------------------+-------------------------------+------------+------------+---------+------+------+--------+--------+------------+
|                    Instance                    |             Module            | Total LUTs | Logic LUTs | LUTRAMs | SRLs |  FFs | RAMB36 | RAMB18 | DSP Blocks |
+------------------------------------------------+-------------------------------+------------+------------+---------+------+------+--------+--------+------------+
| top                                            |                         (top) |      11216 |      10195 |    1018 |    3 | 5910 |     21 |      1 |         16 |
|   (top)                                        |                         (top) |        383 |        371 |      12 |    0 |  889 |     14 |      0 |          0 |
|   microwatt_wrapper                            |             microwatt_wrapper |      10833 |       9824 |    1006 |    3 | 5021 |      7 |      1 |         16 |
|     microwatt_core                             |                          core |      10833 |       9824 |    1006 |    3 | 5021 |      7 |      1 |         16 |
|       (microwatt_core)                         |                          core |         13 |         13 |       0 |    0 |    1 |      0 |      0 |          0 |
|       cr_file_0                                |                       cr_file |          2 |          2 |       0 |    0 |   50 |      0 |      0 |          0 |
|       dcache_0                                 |                        dcache |       2264 |       1816 |     448 |    0 | 1379 |      2 |      0 |          0 |
|         (dcache_0)                             |                        dcache |       1200 |        752 |     448 |    0 | 1251 |      0 |      0 |          0 |
|         maybe_plrus.plrus[0].plru              |                       plru_66 |          1 |          1 |       0 |    0 |    1 |      0 |      0 |          0 |
|         maybe_plrus.plrus[10].plru             |                       plru_67 |          1 |          1 |       0 |    0 |    1 |      0 |      0 |          0 |
|         maybe_plrus.plrus[11].plru             |                       plru_68 |          2 |          2 |       0 |    0 |    1 |      0 |      0 |          0 |
|         maybe_plrus.plrus[12].plru             |                       plru_69 |          1 |          1 |       0 |    0 |    1 |      0 |      0 |          0 |
|         maybe_plrus.plrus[13].plru             |                       plru_70 |          1 |          1 |       0 |    0 |    1 |      0 |      0 |          0 |
|         maybe_plrus.plrus[14].plru             |                       plru_71 |          1 |          1 |       0 |    0 |    1 |      0 |      0 |          0 |
|         maybe_plrus.plrus[15].plru             |                       plru_72 |          2 |          2 |       0 |    0 |    1 |      0 |      0 |          0 |
|         maybe_plrus.plrus[16].plru             |                       plru_73 |          1 |          1 |       0 |    0 |    1 |      0 |      0 |          0 |
|         maybe_plrus.plrus[17].plru             |                       plru_74 |          1 |          1 |       0 |    0 |    1 |      0 |      0 |          0 |
|         maybe_plrus.plrus[18].plru             |                       plru_75 |          1 |          1 |       0 |    0 |    1 |      0 |      0 |          0 |
|         maybe_plrus.plrus[19].plru             |                       plru_76 |          2 |          2 |       0 |    0 |    1 |      0 |      0 |          0 |
|         maybe_plrus.plrus[1].plru              |                       plru_77 |          1 |          1 |       0 |    0 |    1 |      0 |      0 |          0 |
|         maybe_plrus.plrus[20].plru             |                       plru_78 |          1 |          1 |       0 |    0 |    1 |      0 |      0 |          0 |
|         maybe_plrus.plrus[21].plru             |                       plru_79 |          1 |          1 |       0 |    0 |    1 |      0 |      0 |          0 |
|         maybe_plrus.plrus[22].plru             |                       plru_80 |          1 |          1 |       0 |    0 |    1 |      0 |      0 |          0 |
|         maybe_plrus.plrus[23].plru             |                       plru_81 |          2 |          2 |       0 |    0 |    1 |      0 |      0 |          0 |
|         maybe_plrus.plrus[24].plru             |                       plru_82 |          1 |          1 |       0 |    0 |    1 |      0 |      0 |          0 |
|         maybe_plrus.plrus[25].plru             |                       plru_83 |          1 |          1 |       0 |    0 |    1 |      0 |      0 |          0 |
|         maybe_plrus.plrus[26].plru             |                       plru_84 |          1 |          1 |       0 |    0 |    1 |      0 |      0 |          0 |
|         maybe_plrus.plrus[27].plru             |                       plru_85 |          2 |          2 |       0 |    0 |    1 |      0 |      0 |          0 |
|         maybe_plrus.plrus[28].plru             |                       plru_86 |          1 |          1 |       0 |    0 |    1 |      0 |      0 |          0 |
|         maybe_plrus.plrus[29].plru             |                       plru_87 |          1 |          1 |       0 |    0 |    1 |      0 |      0 |          0 |
|         maybe_plrus.plrus[2].plru              |                       plru_88 |          1 |          1 |       0 |    0 |    1 |      0 |      0 |          0 |
|         maybe_plrus.plrus[30].plru             |                       plru_89 |          1 |          1 |       0 |    0 |    1 |      0 |      0 |          0 |
|         maybe_plrus.plrus[31].plru             |                       plru_90 |          3 |          3 |       0 |    0 |    1 |      0 |      0 |          0 |
|         maybe_plrus.plrus[32].plru             |                       plru_91 |          1 |          1 |       0 |    0 |    1 |      0 |      0 |          0 |
|         maybe_plrus.plrus[33].plru             |                       plru_92 |          1 |          1 |       0 |    0 |    1 |      0 |      0 |          0 |
|         maybe_plrus.plrus[34].plru             |                       plru_93 |          1 |          1 |       0 |    0 |    1 |      0 |      0 |          0 |
|         maybe_plrus.plrus[35].plru             |                       plru_94 |          2 |          2 |       0 |    0 |    1 |      0 |      0 |          0 |
|         maybe_plrus.plrus[36].plru             |                       plru_95 |          1 |          1 |       0 |    0 |    1 |      0 |      0 |          0 |
|         maybe_plrus.plrus[37].plru             |                       plru_96 |          1 |          1 |       0 |    0 |    1 |      0 |      0 |          0 |
|         maybe_plrus.plrus[38].plru             |                       plru_97 |          1 |          1 |       0 |    0 |    1 |      0 |      0 |          0 |
|         maybe_plrus.plrus[39].plru             |                       plru_98 |          3 |          3 |       0 |    0 |    1 |      0 |      0 |          0 |
|         maybe_plrus.plrus[3].plru              |                       plru_99 |          2 |          2 |       0 |    0 |    1 |      0 |      0 |          0 |
|         maybe_plrus.plrus[40].plru             |                      plru_100 |          1 |          1 |       0 |    0 |    1 |      0 |      0 |          0 |
|         maybe_plrus.plrus[41].plru             |                      plru_101 |          1 |          1 |       0 |    0 |    1 |      0 |      0 |          0 |
|         maybe_plrus.plrus[42].plru             |                      plru_102 |          1 |          1 |       0 |    0 |    1 |      0 |      0 |          0 |
|         maybe_plrus.plrus[43].plru             |                      plru_103 |          2 |          2 |       0 |    0 |    1 |      0 |      0 |          0 |
|         maybe_plrus.plrus[44].plru             |                      plru_104 |          1 |          1 |       0 |    0 |    1 |      0 |      0 |          0 |
|         maybe_plrus.plrus[45].plru             |                      plru_105 |          1 |          1 |       0 |    0 |    1 |      0 |      0 |          0 |
|         maybe_plrus.plrus[46].plru             |                      plru_106 |          1 |          1 |       0 |    0 |    1 |      0 |      0 |          0 |
|         maybe_plrus.plrus[47].plru             |                      plru_107 |          3 |          3 |       0 |    0 |    1 |      0 |      0 |          0 |
|         maybe_plrus.plrus[48].plru             |                      plru_108 |          1 |          1 |       0 |    0 |    1 |      0 |      0 |          0 |
|         maybe_plrus.plrus[49].plru             |                      plru_109 |          1 |          1 |       0 |    0 |    1 |      0 |      0 |          0 |
|         maybe_plrus.plrus[4].plru              |                      plru_110 |          1 |          1 |       0 |    0 |    1 |      0 |      0 |          0 |
|         maybe_plrus.plrus[50].plru             |                      plru_111 |          1 |          1 |       0 |    0 |    1 |      0 |      0 |          0 |
|         maybe_plrus.plrus[51].plru             |                      plru_112 |          4 |          4 |       0 |    0 |    1 |      0 |      0 |          0 |
|         maybe_plrus.plrus[52].plru             |                      plru_113 |          1 |          1 |       0 |    0 |    1 |      0 |      0 |          0 |
|         maybe_plrus.plrus[53].plru             |                      plru_114 |          1 |          1 |       0 |    0 |    1 |      0 |      0 |          0 |
|         maybe_plrus.plrus[54].plru             |                      plru_115 |          1 |          1 |       0 |    0 |    1 |      0 |      0 |          0 |
|         maybe_plrus.plrus[55].plru             |                      plru_116 |          2 |          2 |       0 |    0 |    1 |      0 |      0 |          0 |
|         maybe_plrus.plrus[56].plru             |                      plru_117 |          1 |          1 |       0 |    0 |    1 |      0 |      0 |          0 |
|         maybe_plrus.plrus[57].plru             |                      plru_118 |          2 |          2 |       0 |    0 |    1 |      0 |      0 |          0 |
|         maybe_plrus.plrus[58].plru             |                      plru_119 |          1 |          1 |       0 |    0 |    1 |      0 |      0 |          0 |
|         maybe_plrus.plrus[59].plru             |                      plru_120 |          3 |          3 |       0 |    0 |    1 |      0 |      0 |          0 |
|         maybe_plrus.plrus[5].plru              |                      plru_121 |          1 |          1 |       0 |    0 |    1 |      0 |      0 |          0 |
|         maybe_plrus.plrus[60].plru             |                      plru_122 |          1 |          1 |       0 |    0 |    1 |      0 |      0 |          0 |
|         maybe_plrus.plrus[61].plru             |                      plru_123 |          2 |          2 |       0 |    0 |    1 |      0 |      0 |          0 |
|         maybe_plrus.plrus[62].plru             |                      plru_124 |          1 |          1 |       0 |    0 |    1 |      0 |      0 |          0 |
|         maybe_plrus.plrus[63].plru             |                      plru_125 |        259 |        259 |       0 |    0 |    1 |      0 |      0 |          0 |
|         maybe_plrus.plrus[6].plru              |                      plru_126 |          1 |          1 |       0 |    0 |    1 |      0 |      0 |          0 |
|         maybe_plrus.plrus[7].plru              |                      plru_127 |          3 |          3 |       0 |    0 |    1 |      0 |      0 |          0 |
|         maybe_plrus.plrus[8].plru              |                      plru_128 |          1 |          1 |       0 |    0 |    1 |      0 |      0 |          0 |
|         maybe_plrus.plrus[9].plru              |                      plru_129 |          1 |          1 |       0 |    0 |    1 |      0 |      0 |          0 |
|         maybe_tlb_plrus.tlb_plrus[0].tlb_plru  |                      plru_130 |          1 |          1 |       0 |    0 |    1 |      0 |      0 |          0 |
|         maybe_tlb_plrus.tlb_plrus[10].tlb_plru |                      plru_131 |          1 |          1 |       0 |    0 |    1 |      0 |      0 |          0 |
|         maybe_tlb_plrus.tlb_plrus[11].tlb_plru |                      plru_132 |          2 |          2 |       0 |    0 |    1 |      0 |      0 |          0 |
|         maybe_tlb_plrus.tlb_plrus[12].tlb_plru |                      plru_133 |          1 |          1 |       0 |    0 |    1 |      0 |      0 |          0 |
|         maybe_tlb_plrus.tlb_plrus[13].tlb_plru |                      plru_134 |          1 |          1 |       0 |    0 |    1 |      0 |      0 |          0 |
|         maybe_tlb_plrus.tlb_plrus[14].tlb_plru |                      plru_135 |          1 |          1 |       0 |    0 |    1 |      0 |      0 |          0 |
|         maybe_tlb_plrus.tlb_plrus[15].tlb_plru |                      plru_136 |          2 |          2 |       0 |    0 |    1 |      0 |      0 |          0 |
|         maybe_tlb_plrus.tlb_plrus[16].tlb_plru |                      plru_137 |          3 |          3 |       0 |    0 |    1 |      0 |      0 |          0 |
|         maybe_tlb_plrus.tlb_plrus[17].tlb_plru |                      plru_138 |          1 |          1 |       0 |    0 |    1 |      0 |      0 |          0 |
|         maybe_tlb_plrus.tlb_plrus[18].tlb_plru |                      plru_139 |          1 |          1 |       0 |    0 |    1 |      0 |      0 |          0 |
|         maybe_tlb_plrus.tlb_plrus[19].tlb_plru |                      plru_140 |          2 |          2 |       0 |    0 |    1 |      0 |      0 |          0 |
|         maybe_tlb_plrus.tlb_plrus[1].tlb_plru  |                      plru_141 |          1 |          1 |       0 |    0 |    1 |      0 |      0 |          0 |
|         maybe_tlb_plrus.tlb_plrus[20].tlb_plru |                      plru_142 |          1 |          1 |       0 |    0 |    1 |      0 |      0 |          0 |
|         maybe_tlb_plrus.tlb_plrus[21].tlb_plru |                      plru_143 |          1 |          1 |       0 |    0 |    1 |      0 |      0 |          0 |
|         maybe_tlb_plrus.tlb_plrus[22].tlb_plru |                      plru_144 |          1 |          1 |       0 |    0 |    1 |      0 |      0 |          0 |
|         maybe_tlb_plrus.tlb_plrus[23].tlb_plru |                      plru_145 |          4 |          4 |       0 |    0 |    1 |      0 |      0 |          0 |
|         maybe_tlb_plrus.tlb_plrus[24].tlb_plru |                      plru_146 |          1 |          1 |       0 |    0 |    1 |      0 |      0 |          0 |
|         maybe_tlb_plrus.tlb_plrus[25].tlb_plru |                      plru_147 |          1 |          1 |       0 |    0 |    1 |      0 |      0 |          0 |
|         maybe_tlb_plrus.tlb_plrus[26].tlb_plru |                      plru_148 |          1 |          1 |       0 |    0 |    1 |      0 |      0 |          0 |
|         maybe_tlb_plrus.tlb_plrus[27].tlb_plru |                      plru_149 |          3 |          3 |       0 |    0 |    1 |      0 |      0 |          0 |
|         maybe_tlb_plrus.tlb_plrus[28].tlb_plru |                      plru_150 |          1 |          1 |       0 |    0 |    1 |      0 |      0 |          0 |
|         maybe_tlb_plrus.tlb_plrus[29].tlb_plru |                      plru_151 |          2 |          2 |       0 |    0 |    1 |      0 |      0 |          0 |
|         maybe_tlb_plrus.tlb_plrus[2].tlb_plru  |                      plru_152 |          1 |          1 |       0 |    0 |    1 |      0 |      0 |          0 |
|         maybe_tlb_plrus.tlb_plrus[30].tlb_plru |                      plru_153 |          2 |          2 |       0 |    0 |    1 |      0 |      0 |          0 |
|         maybe_tlb_plrus.tlb_plrus[31].tlb_plru |                      plru_154 |          2 |          2 |       0 |    0 |    1 |      0 |      0 |          0 |
|         maybe_tlb_plrus.tlb_plrus[32].tlb_plru |                      plru_155 |          3 |          3 |       0 |    0 |    1 |      0 |      0 |          0 |
|         maybe_tlb_plrus.tlb_plrus[33].tlb_plru |                      plru_156 |          1 |          1 |       0 |    0 |    1 |      0 |      0 |          0 |
|         maybe_tlb_plrus.tlb_plrus[34].tlb_plru |                      plru_157 |          2 |          2 |       0 |    0 |    1 |      0 |      0 |          0 |
|         maybe_tlb_plrus.tlb_plrus[35].tlb_plru |                      plru_158 |          4 |          4 |       0 |    0 |    1 |      0 |      0 |          0 |
|         maybe_tlb_plrus.tlb_plrus[36].tlb_plru |                      plru_159 |          2 |          2 |       0 |    0 |    1 |      0 |      0 |          0 |
|         maybe_tlb_plrus.tlb_plrus[37].tlb_plru |                      plru_160 |          1 |          1 |       0 |    0 |    1 |      0 |      0 |          0 |
|         maybe_tlb_plrus.tlb_plrus[38].tlb_plru |                      plru_161 |          1 |          1 |       0 |    0 |    1 |      0 |      0 |          0 |
|         maybe_tlb_plrus.tlb_plrus[39].tlb_plru |                      plru_162 |          3 |          3 |       0 |    0 |    1 |      0 |      0 |          0 |
|         maybe_tlb_plrus.tlb_plrus[3].tlb_plru  |                      plru_163 |          2 |          2 |       0 |    0 |    1 |      0 |      0 |          0 |
|         maybe_tlb_plrus.tlb_plrus[40].tlb_plru |                      plru_164 |          1 |          1 |       0 |    0 |    1 |      0 |      0 |          0 |
|         maybe_tlb_plrus.tlb_plrus[41].tlb_plru |                      plru_165 |          2 |          2 |       0 |    0 |    1 |      0 |      0 |          0 |
|         maybe_tlb_plrus.tlb_plrus[42].tlb_plru |                      plru_166 |          3 |          3 |       0 |    0 |    1 |      0 |      0 |          0 |
|         maybe_tlb_plrus.tlb_plrus[43].tlb_plru |                      plru_167 |          2 |          2 |       0 |    0 |    1 |      0 |      0 |          0 |
|         maybe_tlb_plrus.tlb_plrus[44].tlb_plru |                      plru_168 |          1 |          1 |       0 |    0 |    1 |      0 |      0 |          0 |
|         maybe_tlb_plrus.tlb_plrus[45].tlb_plru |                      plru_169 |          1 |          1 |       0 |    0 |    1 |      0 |      0 |          0 |
|         maybe_tlb_plrus.tlb_plrus[46].tlb_plru |                      plru_170 |          1 |          1 |       0 |    0 |    1 |      0 |      0 |          0 |
|         maybe_tlb_plrus.tlb_plrus[47].tlb_plru |                      plru_171 |          2 |          2 |       0 |    0 |    1 |      0 |      0 |          0 |
|         maybe_tlb_plrus.tlb_plrus[48].tlb_plru |                      plru_172 |          1 |          1 |       0 |    0 |    1 |      0 |      0 |          0 |
|         maybe_tlb_plrus.tlb_plrus[49].tlb_plru |                      plru_173 |          1 |          1 |       0 |    0 |    1 |      0 |      0 |          0 |
|         maybe_tlb_plrus.tlb_plrus[4].tlb_plru  |                      plru_174 |          1 |          1 |       0 |    0 |    1 |      0 |      0 |          0 |
|         maybe_tlb_plrus.tlb_plrus[50].tlb_plru |                      plru_175 |          1 |          1 |       0 |    0 |    1 |      0 |      0 |          0 |
|         maybe_tlb_plrus.tlb_plrus[51].tlb_plru |                      plru_176 |        369 |        369 |       0 |    0 |    1 |      0 |      0 |          0 |
|         maybe_tlb_plrus.tlb_plrus[52].tlb_plru |                      plru_177 |          1 |          1 |       0 |    0 |    1 |      0 |      0 |          0 |
|         maybe_tlb_plrus.tlb_plrus[53].tlb_plru |                      plru_178 |          1 |          1 |       0 |    0 |    1 |      0 |      0 |          0 |
|         maybe_tlb_plrus.tlb_plrus[54].tlb_plru |                      plru_179 |          1 |          1 |       0 |    0 |    1 |      0 |      0 |          0 |
|         maybe_tlb_plrus.tlb_plrus[55].tlb_plru |                      plru_180 |          2 |          2 |       0 |    0 |    1 |      0 |      0 |          0 |
|         maybe_tlb_plrus.tlb_plrus[56].tlb_plru |                      plru_181 |          2 |          2 |       0 |    0 |    1 |      0 |      0 |          0 |
|         maybe_tlb_plrus.tlb_plrus[57].tlb_plru |                      plru_182 |          2 |          2 |       0 |    0 |    1 |      0 |      0 |          0 |
|         maybe_tlb_plrus.tlb_plrus[58].tlb_plru |                      plru_183 |          2 |          2 |       0 |    0 |    1 |      0 |      0 |          0 |
|         maybe_tlb_plrus.tlb_plrus[59].tlb_plru |                      plru_184 |          3 |          3 |       0 |    0 |    1 |      0 |      0 |          0 |
|         maybe_tlb_plrus.tlb_plrus[5].tlb_plru  |                      plru_185 |          1 |          1 |       0 |    0 |    1 |      0 |      0 |          0 |
|         maybe_tlb_plrus.tlb_plrus[60].tlb_plru |                      plru_186 |          2 |          2 |       0 |    0 |    1 |      0 |      0 |          0 |
|         maybe_tlb_plrus.tlb_plrus[61].tlb_plru |                      plru_187 |          2 |          2 |       0 |    0 |    1 |      0 |      0 |          0 |
|         maybe_tlb_plrus.tlb_plrus[62].tlb_plru |                      plru_188 |          2 |          2 |       0 |    0 |    1 |      0 |      0 |          0 |
|         maybe_tlb_plrus.tlb_plrus[63].tlb_plru |                      plru_189 |          3 |          3 |       0 |    0 |    1 |      0 |      0 |          0 |
|         maybe_tlb_plrus.tlb_plrus[6].tlb_plru  |                      plru_190 |          1 |          1 |       0 |    0 |    1 |      0 |      0 |          0 |
|         maybe_tlb_plrus.tlb_plrus[7].tlb_plru  |                      plru_191 |          2 |          2 |       0 |    0 |    1 |      0 |      0 |          0 |
|         maybe_tlb_plrus.tlb_plrus[8].tlb_plru  |                      plru_192 |          1 |          1 |       0 |    0 |    1 |      0 |      0 |          0 |
|         maybe_tlb_plrus.tlb_plrus[9].tlb_plru  |                      plru_193 |          1 |          1 |       0 |    0 |    1 |      0 |      0 |          0 |
|         rams[0].way                            |     cache_ram__parameterized0 |         21 |         21 |       0 |    0 |    0 |      1 |      0 |          0 |
|         rams[1].way                            | cache_ram__parameterized0_194 |        226 |        226 |       0 |    0 |    0 |      1 |      0 |          0 |
|       debug_0                                  |                    core_debug |         72 |         72 |       0 |    0 |   83 |      3 |      1 |          0 |
|       decode1_0                                |                       decode1 |        502 |        502 |       0 |    0 |  299 |      0 |      0 |          0 |
|       decode2_0                                |                       decode2 |       3391 |       3391 |       0 |    0 |  427 |      0 |      0 |          0 |
|         (decode2_0)                            |                       decode2 |       3349 |       3349 |       0 |    0 |  384 |      0 |      0 |          0 |
|         control_0                              |                       control |         42 |         42 |       0 |    0 |   43 |      0 |      0 |          0 |
|           (control_0)                          |                       control |          2 |          2 |       0 |    0 |    5 |      0 |      0 |          0 |
|           cr_hazard0                           |                     cr_hazard |          3 |          3 |       0 |    0 |    4 |      0 |      0 |          0 |
|           gpr_hazard0                          |                    gpr_hazard |          6 |          6 |       0 |    0 |    9 |      0 |      0 |          0 |
|           gpr_hazard1                          |                 gpr_hazard_64 |         29 |         29 |       0 |    0 |   23 |      0 |      0 |          0 |
|           gpr_hazard2                          |                 gpr_hazard_65 |          2 |          2 |       0 |    0 |    2 |      0 |      0 |          0 |
|       execute1_0                               |                      execute1 |       1527 |       1524 |       0 |    3 | 1297 |      0 |      0 |         16 |
|         (execute1_0)                           |                      execute1 |        495 |        495 |       0 |    0 |  757 |      0 |      0 |          0 |
|         countzero_0                            |                  zero_counter |         18 |         18 |       0 |    0 |   20 |      0 |      0 |          0 |
|         divider_0                              |                       divider |        462 |        462 |       0 |    0 |  337 |      0 |      0 |          0 |
|         multiply_0                             |                      multiply |        552 |        549 |       0 |    3 |  183 |      0 |      0 |         16 |
|       fetch1_0                                 |                        fetch1 |        220 |        220 |       0 |    0 |  115 |      0 |      0 |          0 |
|       icache_0                                 |                        icache |       1535 |       1235 |     300 |    0 |  487 |      2 |      0 |          0 |
|         (icache_0)                             |                        icache |       1077 |        777 |     300 |    0 |  423 |      0 |      0 |          0 |
|         maybe_plrus.plrus[0].plru              |                          plru |         58 |         58 |       0 |    0 |    1 |      0 |      0 |          0 |
|         maybe_plrus.plrus[10].plru             |                        plru_0 |          0 |          0 |       0 |    0 |    1 |      0 |      0 |          0 |
|         maybe_plrus.plrus[11].plru             |                        plru_1 |          1 |          1 |       0 |    0 |    1 |      0 |      0 |          0 |
|         maybe_plrus.plrus[12].plru             |                        plru_2 |          0 |          0 |       0 |    0 |    1 |      0 |      0 |          0 |
|         maybe_plrus.plrus[13].plru             |                        plru_3 |          0 |          0 |       0 |    0 |    1 |      0 |      0 |          0 |
|         maybe_plrus.plrus[14].plru             |                        plru_4 |          0 |          0 |       0 |    0 |    1 |      0 |      0 |          0 |
|         maybe_plrus.plrus[15].plru             |                        plru_5 |          1 |          1 |       0 |    0 |    1 |      0 |      0 |          0 |
|         maybe_plrus.plrus[16].plru             |                        plru_6 |          0 |          0 |       0 |    0 |    1 |      0 |      0 |          0 |
|         maybe_plrus.plrus[17].plru             |                        plru_7 |          0 |          0 |       0 |    0 |    1 |      0 |      0 |          0 |
|         maybe_plrus.plrus[18].plru             |                        plru_8 |          0 |          0 |       0 |    0 |    1 |      0 |      0 |          0 |
|         maybe_plrus.plrus[19].plru             |                        plru_9 |          1 |          1 |       0 |    0 |    1 |      0 |      0 |          0 |
|         maybe_plrus.plrus[1].plru              |                       plru_10 |          0 |          0 |       0 |    0 |    1 |      0 |      0 |          0 |
|         maybe_plrus.plrus[20].plru             |                       plru_11 |          0 |          0 |       0 |    0 |    1 |      0 |      0 |          0 |
|         maybe_plrus.plrus[21].plru             |                       plru_12 |          0 |          0 |       0 |    0 |    1 |      0 |      0 |          0 |
|         maybe_plrus.plrus[22].plru             |                       plru_13 |          0 |          0 |       0 |    0 |    1 |      0 |      0 |          0 |
|         maybe_plrus.plrus[23].plru             |                       plru_14 |          2 |          2 |       0 |    0 |    1 |      0 |      0 |          0 |
|         maybe_plrus.plrus[24].plru             |                       plru_15 |          0 |          0 |       0 |    0 |    1 |      0 |      0 |          0 |
|         maybe_plrus.plrus[25].plru             |                       plru_16 |          0 |          0 |       0 |    0 |    1 |      0 |      0 |          0 |
|         maybe_plrus.plrus[26].plru             |                       plru_17 |          0 |          0 |       0 |    0 |    1 |      0 |      0 |          0 |
|         maybe_plrus.plrus[27].plru             |                       plru_18 |          1 |          1 |       0 |    0 |    1 |      0 |      0 |          0 |
|         maybe_plrus.plrus[28].plru             |                       plru_19 |          0 |          0 |       0 |    0 |    1 |      0 |      0 |          0 |
|         maybe_plrus.plrus[29].plru             |                       plru_20 |          0 |          0 |       0 |    0 |    1 |      0 |      0 |          0 |
|         maybe_plrus.plrus[2].plru              |                       plru_21 |          0 |          0 |       0 |    0 |    1 |      0 |      0 |          0 |
|         maybe_plrus.plrus[30].plru             |                       plru_22 |          0 |          0 |       0 |    0 |    1 |      0 |      0 |          0 |
|         maybe_plrus.plrus[31].plru             |                       plru_23 |          1 |          1 |       0 |    0 |    1 |      0 |      0 |          0 |
|         maybe_plrus.plrus[32].plru             |                       plru_24 |          0 |          0 |       0 |    0 |    1 |      0 |      0 |          0 |
|         maybe_plrus.plrus[33].plru             |                       plru_25 |          0 |          0 |       0 |    0 |    1 |      0 |      0 |          0 |
|         maybe_plrus.plrus[34].plru             |                       plru_26 |          0 |          0 |       0 |    0 |    1 |      0 |      0 |          0 |
|         maybe_plrus.plrus[35].plru             |                       plru_27 |          1 |          1 |       0 |    0 |    1 |      0 |      0 |          0 |
|         maybe_plrus.plrus[36].plru             |                       plru_28 |          0 |          0 |       0 |    0 |    1 |      0 |      0 |          0 |
|         maybe_plrus.plrus[37].plru             |                       plru_29 |          0 |          0 |       0 |    0 |    1 |      0 |      0 |          0 |
|         maybe_plrus.plrus[38].plru             |                       plru_30 |          0 |          0 |       0 |    0 |    1 |      0 |      0 |          0 |
|         maybe_plrus.plrus[39].plru             |                       plru_31 |          2 |          2 |       0 |    0 |    1 |      0 |      0 |          0 |
|         maybe_plrus.plrus[3].plru              |                       plru_32 |          3 |          3 |       0 |    0 |    1 |      0 |      0 |          0 |
|         maybe_plrus.plrus[40].plru             |                       plru_33 |          0 |          0 |       0 |    0 |    1 |      0 |      0 |          0 |
|         maybe_plrus.plrus[41].plru             |                       plru_34 |          0 |          0 |       0 |    0 |    1 |      0 |      0 |          0 |
|         maybe_plrus.plrus[42].plru             |                       plru_35 |          0 |          0 |       0 |    0 |    1 |      0 |      0 |          0 |
|         maybe_plrus.plrus[43].plru             |                       plru_36 |          1 |          1 |       0 |    0 |    1 |      0 |      0 |          0 |
|         maybe_plrus.plrus[44].plru             |                       plru_37 |          0 |          0 |       0 |    0 |    1 |      0 |      0 |          0 |
|         maybe_plrus.plrus[45].plru             |                       plru_38 |          0 |          0 |       0 |    0 |    1 |      0 |      0 |          0 |
|         maybe_plrus.plrus[46].plru             |                       plru_39 |          0 |          0 |       0 |    0 |    1 |      0 |      0 |          0 |
|         maybe_plrus.plrus[47].plru             |                       plru_40 |          1 |          1 |       0 |    0 |    1 |      0 |      0 |          0 |
|         maybe_plrus.plrus[48].plru             |                       plru_41 |          0 |          0 |       0 |    0 |    1 |      0 |      0 |          0 |
|         maybe_plrus.plrus[49].plru             |                       plru_42 |          0 |          0 |       0 |    0 |    1 |      0 |      0 |          0 |
|         maybe_plrus.plrus[4].plru              |                       plru_43 |          0 |          0 |       0 |    0 |    1 |      0 |      0 |          0 |
|         maybe_plrus.plrus[50].plru             |                       plru_44 |          0 |          0 |       0 |    0 |    1 |      0 |      0 |          0 |
|         maybe_plrus.plrus[51].plru             |                       plru_45 |          1 |          1 |       0 |    0 |    1 |      0 |      0 |          0 |
|         maybe_plrus.plrus[52].plru             |                       plru_46 |          0 |          0 |       0 |    0 |    1 |      0 |      0 |          0 |
|         maybe_plrus.plrus[53].plru             |                       plru_47 |          0 |          0 |       0 |    0 |    1 |      0 |      0 |          0 |
|         maybe_plrus.plrus[54].plru             |                       plru_48 |          0 |          0 |       0 |    0 |    1 |      0 |      0 |          0 |
|         maybe_plrus.plrus[55].plru             |                       plru_49 |          2 |          2 |       0 |    0 |    1 |      0 |      0 |          0 |
|         maybe_plrus.plrus[56].plru             |                       plru_50 |          0 |          0 |       0 |    0 |    1 |      0 |      0 |          0 |
|         maybe_plrus.plrus[57].plru             |                       plru_51 |          0 |          0 |       0 |    0 |    1 |      0 |      0 |          0 |
|         maybe_plrus.plrus[58].plru             |                       plru_52 |          0 |          0 |       0 |    0 |    1 |      0 |      0 |          0 |
|         maybe_plrus.plrus[59].plru             |                       plru_53 |          1 |          1 |       0 |    0 |    1 |      0 |      0 |          0 |
|         maybe_plrus.plrus[5].plru              |                       plru_54 |          0 |          0 |       0 |    0 |    1 |      0 |      0 |          0 |
|         maybe_plrus.plrus[60].plru             |                       plru_55 |          0 |          0 |       0 |    0 |    1 |      0 |      0 |          0 |
|         maybe_plrus.plrus[61].plru             |                       plru_56 |          0 |          0 |       0 |    0 |    1 |      0 |      0 |          0 |
|         maybe_plrus.plrus[62].plru             |                       plru_57 |          0 |          0 |       0 |    0 |    1 |      0 |      0 |          0 |
|         maybe_plrus.plrus[63].plru             |                       plru_58 |          1 |          1 |       0 |    0 |    1 |      0 |      0 |          0 |
|         maybe_plrus.plrus[6].plru              |                       plru_59 |          0 |          0 |       0 |    0 |    1 |      0 |      0 |          0 |
|         maybe_plrus.plrus[7].plru              |                       plru_60 |          1 |          1 |       0 |    0 |    1 |      0 |      0 |          0 |
|         maybe_plrus.plrus[8].plru              |                       plru_61 |          0 |          0 |       0 |    0 |    1 |      0 |      0 |          0 |
|         maybe_plrus.plrus[9].plru              |                       plru_62 |          0 |          0 |       0 |    0 |    1 |      0 |      0 |          0 |
|         rams[0].way                            |                     cache_ram |          3 |          3 |       0 |    0 |    0 |      1 |      0 |          0 |
|         rams[1].way                            |                  cache_ram_63 |        376 |        376 |       0 |    0 |    0 |      1 |      0 |          0 |
|       loadstore1_0                             |                    loadstore1 |        539 |        539 |       0 |    0 |  409 |      0 |      0 |          0 |
|       mmu_0                                    |                           mmu |        512 |        512 |       0 |    0 |  403 |      0 |      0 |          0 |
|       register_file_0                          |                 register_file |        258 |          0 |     258 |    0 |   71 |      0 |      0 |          0 |
+------------------------------------------------+-------------------------------+------------+------------+---------+------+------+--------+--------+------------+
* Note: The sum of lower-level cells may be larger than their parent cells total, due to cross-hierarchy LUT combining


