Copyright 1986-2020 Xilinx, Inc. All Rights Reserved.
------------------------------------------------------------------------------------
| Tool Version : Vivado v.2020.2 (lin64) Build 3064766 Wed Nov 18 09:12:47 MST 2020
| Date         : Sun Jun 27 14:39:54 2021
| Host         : varun-UX430UNR running 64-bit Ubuntu 20.04.2 LTS
| Command      : report_control_sets -verbose -file top_control_sets.rpt
| Design       : top
| Device       : xc7a100t
------------------------------------------------------------------------------------

Control Set Information

Table of Contents
-----------------
1. Summary
2. Histogram
3. Flip-Flop Distribution
4. Detailed Control Set Information

1. Summary
----------

+----------------------------------------------------------+-------+
|                          Status                          | Count |
+----------------------------------------------------------+-------+
| Total control sets                                       |   124 |
|    Minimum number of control sets                        |   124 |
|    Addition due to synthesis replication                 |     0 |
|    Addition due to physical synthesis replication        |     0 |
| Unused register locations in slices containing registers |   277 |
+----------------------------------------------------------+-------+
* Control sets can be merged at opt_design using control_set_merge or merge_equivalent_drivers
** Run report_qor_suggestions for automated merging and remapping suggestions


2. Histogram
------------

+--------------------+-------+
|       Fanout       | Count |
+--------------------+-------+
| Total control sets |   124 |
| >= 0 to < 4        |     5 |
| >= 4 to < 6        |    19 |
| >= 6 to < 8        |     7 |
| >= 8 to < 10       |     8 |
| >= 10 to < 12      |     2 |
| >= 12 to < 14      |     1 |
| >= 14 to < 16      |     1 |
| >= 16              |    81 |
+--------------------+-------+
* Control sets can be remapped at either synth_design or opt_design


3. Flip-Flop Distribution
-------------------------

+--------------+-----------------------+------------------------+-----------------+--------------+
| Clock Enable | Synchronous Set/Reset | Asynchronous Set/Reset | Total Registers | Total Slices |
+--------------+-----------------------+------------------------+-----------------+--------------+
| No           | No                    | No                     |             895 |          332 |
| No           | No                    | Yes                    |               0 |            0 |
| No           | Yes                   | No                     |            1307 |          607 |
| Yes          | No                    | No                     |            1763 |          723 |
| Yes          | No                    | Yes                    |               0 |            0 |
| Yes          | Yes                   | No                     |            2030 |          717 |
+--------------+-----------------------+------------------------+-----------------+--------------+


4. Detailed Control Set Information
-----------------------------------

+-------------------+-----------------------------------------------------------------------------------------+---------------------------------------------------------------------------------------------+------------------+----------------+--------------+
|    Clock Signal   |                                      Enable Signal                                      |                                       Set/Reset Signal                                      | Slice Load Count | Bel Load Count | Bels / Slice |
+-------------------+-----------------------------------------------------------------------------------------+---------------------------------------------------------------------------------------------+------------------+----------------+--------------+
|  clk100_IBUF_BUFG | serial_tx_i_2_n_0                                                                       | serial_tx_i_1_n_0                                                                           |                1 |              1 |         1.00 |
|  clk100_IBUF_BUFG |                                                                                         | user_rgb_led0_g_i_1_n_0                                                                     |                1 |              1 |         1.00 |
|  clk100_IBUF_BUFG |                                                                                         | user_rgb_led0_r_i_1_n_0                                                                     |                1 |              1 |         1.00 |
|  clk100_IBUF_BUFG |                                                                                         | user_rgb_led0_b_i_1_n_0                                                                     |                1 |              1 |         1.00 |
|  clk100_IBUF_BUFG | microwatt_wrapper/microwatt_core/icache_0/rams[1].way/FSM_sequential_r_reg[state][1][0] |                                                                                             |                2 |              3 |         1.50 |
|  clk100_IBUF_BUFG | rx_tick                                                                                 | p_7_in                                                                                      |                1 |              4 |         4.00 |
|  clk100_IBUF_BUFG | uart_rx_fifo_wrport_we                                                                  | int_rst                                                                                     |                1 |              4 |         4.00 |
|  clk100_IBUF_BUFG | microwatt_wrapper/microwatt_core/decode2_0/r_reg[e][insn][16]_0[2]                      | microwatt_wrapper/microwatt_core/execute1_0/ctrl_reg[irq_state]_1                           |                3 |              4 |         1.33 |
|  clk100_IBUF_BUFG | tx_tick                                                                                 | serial_tx0_out                                                                              |                1 |              4 |         4.00 |
|  clk100_IBUF_BUFG | microwatt_wrapper/microwatt_core/mmu_0/FSM_sequential_r[state][3]_i_2_n_0               | microwatt_wrapper/microwatt_core/mmu_0/SR[0]                                                |                3 |              4 |         1.33 |
|  clk100_IBUF_BUFG | microwatt_wrapper/microwatt_core/execute1_0/divider_0/neg_result                        |                                                                                             |                3 |              4 |         1.33 |
|  clk100_IBUF_BUFG | uart_tx_fifo_syncfifo_re                                                                | int_rst                                                                                     |                1 |              4 |         4.00 |
|  clk100_IBUF_BUFG | uart_rx_fifo_rdport_re                                                                  | int_rst                                                                                     |                1 |              4 |         4.00 |
|  clk100_IBUF_BUFG | microwatt_wrapper/microwatt_core/icache_0/r_reg[wb][adr][4]_0                           | int_rst                                                                                     |                1 |              4 |         4.00 |
|  clk100_IBUF_BUFG | uart_rx_fifo_level0[4]_i_1_n_0                                                          | int_rst                                                                                     |                3 |              5 |         1.67 |
|  clk100_IBUF_BUFG | microwatt_wrapper/microwatt_core/icache_0/uart_tx_fifo_readable_reg[0]                  | int_rst                                                                                     |                2 |              5 |         2.50 |
|  clk100_IBUF_BUFG | converter0_dat_r[36]_i_1_n_0                                                            |                                                                                             |                2 |              5 |         2.50 |
|  clk100_IBUF_BUFG | microwatt_wrapper/microwatt_core/execute1_0/v[0][valid]1                                | microwatt_wrapper/microwatt_core/decode1_0/r_reg[decode][lr]_0                              |                2 |              5 |         2.50 |
|  clk100_IBUF_BUFG | microwatt_wrapper/microwatt_core/dcache_0/rams[0].way/r1_reg[wb][cyc]                   |                                                                                             |                2 |              5 |         2.50 |
|  clk100_IBUF_BUFG | microwatt_wrapper/microwatt_core/execute1_0/writeback_to_cr_file[write_xerc_enable]     |                                                                                             |                3 |              5 |         1.67 |
|  clk100_IBUF_BUFG |                                                                                         | microwatt_wrapper/microwatt_core/dcache_0/csr_bankarray_interface2_bank_bus_dat_r[15]_i_2_0 |                1 |              5 |         5.00 |
|  clk100_IBUF_BUFG |                                                                                         | microwatt_wrapper/microwatt_core/decode2_0/ctrl_reg[irq_state]_4                            |                2 |              5 |         2.50 |
|  clk100_IBUF_BUFG | microwatt_wrapper/microwatt_core/mmu_0/r[shift]                                         | microwatt_wrapper/microwatt_core/mmu_0/r[shift][4]_i_1_n_0                                  |                3 |              5 |         1.67 |
|  clk100_IBUF_BUFG | microwatt_wrapper/microwatt_core/decode2_0/r_reg[f][redirect_nia]0                      |                                                                                             |                4 |              5 |         1.25 |
|  clk100_IBUF_BUFG | microwatt_wrapper/microwatt_core/decode2_0/r[dsisr]                                     |                                                                                             |                2 |              6 |         3.00 |
|  clk100_IBUF_BUFG | microwatt_wrapper/microwatt_core/mmu_0/p_17_in                                          |                                                                                             |                4 |              6 |         1.50 |
|  clk100_IBUF_BUFG | microwatt_wrapper/microwatt_core/icache_0/rams[1].way/r_reg[req]                        | microwatt_wrapper/microwatt_core/icache_0/rams[1].way/FSM_sequential_r_reg[state][0]        |                2 |              6 |         3.00 |
|  clk100_IBUF_BUFG | microwatt_wrapper/microwatt_core/execute1_0/r_reg[e][valid]0                            | microwatt_wrapper/microwatt_core/execute1_0/r_reg[decode][unit][1][0]                       |                1 |              6 |         6.00 |
|  clk100_IBUF_BUFG | tx_data1_in0                                                                            |                                                                                             |                1 |              7 |         7.00 |
|  clk100_IBUF_BUFG | microwatt_wrapper/microwatt_core/execute1_0/divider_0/dend[128]                         | microwatt_wrapper/microwatt_core/execute1_0/divider_0/dend[7]_i_1_n_0                       |                2 |              7 |         3.50 |
|  clk100_IBUF_BUFG | microwatt_wrapper/microwatt_core/execute1_0/divider_0/running_reg_n_0                   | microwatt_wrapper/microwatt_core/execute1_0/divider_0/quot[7]_i_1_n_0                       |                1 |              7 |         7.00 |
|  clk100_IBUF_BUFG | microwatt_wrapper/microwatt_core/dcache_0/r1[wb][sel]                                   | microwatt_wrapper/microwatt_core/dcache_0/r1[wb][sel][7]_i_1_n_0                            |                3 |              8 |         2.67 |
|  clk100_IBUF_BUFG | microwatt_wrapper/microwatt_core/dcache_0/r0[req][dcbz]_i_2_n_0                         | microwatt_wrapper/microwatt_core/dcache_0/r0[req][data][63]_i_1_n_0                         |                3 |              8 |         2.67 |
|  clk100_IBUF_BUFG | uart_rx_fifo_rdport_re                                                                  |                                                                                             |                2 |              8 |         4.00 |
|  clk100_IBUF_BUFG |                                                                                         | microwatt_wrapper/microwatt_core/icache_0/converter0_state_reg_4                            |                2 |              8 |         4.00 |
|  clk100_IBUF_BUFG | rx_data_rs232phyrx_next_value_ce1                                                       |                                                                                             |                3 |              8 |         2.67 |
|  clk100_IBUF_BUFG | uart_tx_fifo_syncfifo_re                                                                |                                                                                             |                2 |              8 |         4.00 |
|  clk100_IBUF_BUFG | microwatt_wrapper/microwatt_core/execute1_0/v[0][valid]1                                |                                                                                             |                4 |              9 |         2.25 |
|  clk100_IBUF_BUFG | microwatt_wrapper/microwatt_core/execute1_0/WEBWE[0]                                    | microwatt_wrapper/microwatt_core/rst_fetch1                                                 |                2 |              9 |         4.50 |
|  clk100_IBUF_BUFG |                                                                                         | microwatt_wrapper/microwatt_core/execute1_0/flush                                           |                6 |             10 |         1.67 |
|  clk100_IBUF_BUFG | microwatt_wrapper/microwatt_core/decode2_0/r_reg[e][insn][16]_0[0]                      | microwatt_wrapper/microwatt_core/rst_fetch1                                                 |                9 |             10 |         1.11 |
|  clk100_IBUF_BUFG | microwatt_wrapper/microwatt_core/dcache_0/r0[req][dcbz]_i_2_n_0                         | microwatt_wrapper/microwatt_core/dcache_0/r0[req][dcbz]_i_1_n_0                             |                6 |             13 |         2.17 |
|  clk100_IBUF_BUFG | microwatt_wrapper/microwatt_core/execute1_0/r_reg[busy]_0                               |                                                                                             |                4 |             14 |         3.50 |
|  clk100_IBUF_BUFG | uart_rx_fifo_wrport_we                                                                  |                                                                                             |                2 |             16 |         8.00 |
|  clk100_IBUF_BUFG | microwatt_wrapper/microwatt_core/icache_0/r_reg[wb][adr][4]_0                           |                                                                                             |                2 |             16 |         8.00 |
|  clk100_IBUF_BUFG |                                                                                         | microwatt_wrapper/microwatt_core/dcache_0/r1_reg[wb][adr][12]_3                             |                4 |             16 |         4.00 |
|  clk100_IBUF_BUFG |                                                                                         | microwatt_wrapper/microwatt_core/icache_0/converter0_state_reg_17[0]                        |                5 |             16 |         3.20 |
|  clk100_IBUF_BUFG | microwatt_wrapper/microwatt_core/execute1_0/divider_0/ctrl_reg[irq_state][0]            | microwatt_wrapper/microwatt_core/rst_fetch1                                                 |                8 |             18 |         2.25 |
|  clk100_IBUF_BUFG | microwatt_wrapper/microwatt_core/icache_0/rams[1].way/count_reg_16_sn_1                 | microwatt_wrapper/microwatt_core/dcache_0/int_rst_reg_0                                     |                5 |             20 |         4.00 |
|  clk100_IBUF_BUFG | microwatt_wrapper/microwatt_core/decode2_0/r[dsisr]                                     | microwatt_wrapper/microwatt_core/mmu_0/r_reg[segerror]_0                                    |                7 |             26 |         3.71 |
|  clk100_IBUF_BUFG | microwatt_wrapper/microwatt_core/dcache_0/r1[wb][adr][31]_i_1_n_0                       | microwatt_wrapper/microwatt_core/rst_fetch1                                                 |               12 |             26 |         2.17 |
|  clk100_IBUF_BUFG | microwatt_wrapper/microwatt_core/icache_0/rams[1].way/r_reg[req]                        | microwatt_wrapper/microwatt_core/rst_fetch1                                                 |               11 |             26 |         2.36 |
|  clk100_IBUF_BUFG | microwatt_wrapper/microwatt_core/dcache_0/rams[0].way/r1_reg[wb][cyc]                   | microwatt_wrapper/microwatt_core/dcache_0/count_reg[16]                                     |               10 |             27 |         2.70 |
|  clk100_IBUF_BUFG | converter0_dat_r[36]_i_1_n_0                                                            | converter0_dat_r[63]_i_1_n_0                                                                |                7 |             27 |         3.86 |
|  clk100_IBUF_BUFG | microwatt_wrapper/microwatt_core/execute1_0/p_0_in[12]                                  |                                                                                             |               12 |             32 |         2.67 |
|  clk100_IBUF_BUFG | microwatt_wrapper/microwatt_core/dcache_0/converter1_state_reg_5[0]                     | int_rst                                                                                     |               11 |             32 |         2.91 |
|  clk100_IBUF_BUFG | microwatt_wrapper/microwatt_core/dcache_0/converter1_state_reg_6[0]                     | int_rst                                                                                     |                7 |             32 |         4.57 |
|  clk100_IBUF_BUFG | microwatt_wrapper/microwatt_core/dcache_0/converter1_state_reg_7[0]                     | int_rst                                                                                     |                7 |             32 |         4.57 |
|  clk100_IBUF_BUFG | microwatt_wrapper/microwatt_core/dcache_0/r1_reg[wb][adr][4]_1[0]                       | int_rst                                                                                     |               12 |             32 |         2.67 |
|  clk100_IBUF_BUFG | microwatt_wrapper/microwatt_core/dcache_0/r_reg[wb][adr][11][0]                         | int_rst                                                                                     |                7 |             32 |         4.57 |
|  clk100_IBUF_BUFG | microwatt_wrapper/microwatt_core/dcache_0/r_reg[wb][adr][5][0]                          | int_rst                                                                                     |                8 |             32 |         4.00 |
|  clk100_IBUF_BUFG | microwatt_wrapper/microwatt_core/dcache_0/r1_reg[wb][adr][3]_1[0]                       | int_rst                                                                                     |                8 |             32 |         4.00 |
|  clk100_IBUF_BUFG | microwatt_wrapper/microwatt_core/decode2_0/ctrl_reg[irq_state]_3[0]                     | microwatt_wrapper/microwatt_core/rst_fetch1                                                 |               14 |             32 |         2.29 |
|  clk100_IBUF_BUFG | microwatt_wrapper/microwatt_core/dcache_0/b_period_storage[31]_i_2[0]                   | int_rst                                                                                     |                8 |             32 |         4.00 |
|  clk100_IBUF_BUFG | timer_update_value_re                                                                   | int_rst                                                                                     |                7 |             32 |         4.57 |
|  clk100_IBUF_BUFG | bus_errors                                                                              | int_rst                                                                                     |                8 |             32 |         4.00 |
|  clk100_IBUF_BUFG |                                                                                         | b_count[0]_i_1_n_0                                                                          |                8 |             32 |         4.00 |
|  clk100_IBUF_BUFG | microwatt_wrapper/microwatt_core/mmu_0/r[pid]                                           |                                                                                             |                9 |             32 |         3.56 |
|  clk100_IBUF_BUFG |                                                                                         | microwatt_wrapper/microwatt_core/icache_0/SR[0]                                             |               11 |             32 |         2.91 |
|  clk100_IBUF_BUFG |                                                                                         | r_count[0]_i_1_n_0                                                                          |                8 |             32 |         4.00 |
|  clk100_IBUF_BUFG | microwatt_wrapper/microwatt_core/dcache_0/g_width_storage[31]_i_2_0[0]                  | int_rst                                                                                     |               10 |             32 |         3.20 |
|  clk100_IBUF_BUFG |                                                                                         | g_count[0]_i_1_n_0                                                                          |                8 |             32 |         4.00 |
|  clk100_IBUF_BUFG |                                                                                         | p_7_in                                                                                      |                8 |             32 |         4.00 |
|  clk100_IBUF_BUFG | microwatt_wrapper/microwatt_core/icache_0/converter0_state_reg_16[0]                    | int_rst                                                                                     |               12 |             32 |         2.67 |
|  clk100_IBUF_BUFG |                                                                                         | microwatt_wrapper/microwatt_core/dcache_0/r_reg[wb][adr][11]_0[0]                           |               20 |             32 |         1.60 |
|  clk100_IBUF_BUFG |                                                                                         | microwatt_wrapper/microwatt_core/icache_0/converter0_state_reg_5                            |               13 |             32 |         2.46 |
|  clk100_IBUF_BUFG |                                                                                         | serial_tx0_out                                                                              |                8 |             32 |         4.00 |
|  clk100_IBUF_BUFG |                                                                                         | microwatt_wrapper/microwatt_core/execute1_0/SR[0]                                           |               24 |             43 |         1.79 |
|  clk100_IBUF_BUFG | microwatt_wrapper/microwatt_core/decode2_0/r_reg[e][insn][16]_0[1]                      | microwatt_wrapper/microwatt_core/rst_fetch1                                                 |               23 |             45 |         1.96 |
|  clk100_IBUF_BUFG | microwatt_wrapper/microwatt_core/mmu_0/r[mask_size]                                     |                                                                                             |               27 |             53 |         1.96 |
|  clk100_IBUF_BUFG | microwatt_wrapper/microwatt_core/dcache_0/r1[reload_tag]                                |                                                                                             |               23 |             55 |         2.39 |
|  clk100_IBUF_BUFG | microwatt_wrapper/microwatt_core/mmu_0/r[pde][55]_i_1_n_0                               |                                                                                             |               34 |             56 |         1.65 |
|  clk100_IBUF_BUFG | microwatt_wrapper/microwatt_core/decode2_0/r_reg[f][redirect_nia]0                      | microwatt_wrapper/microwatt_core/execute1_0/r[f][redirect_nia][63]_i_1_n_0                  |               29 |             57 |         1.97 |
|  clk100_IBUF_BUFG | microwatt_wrapper/microwatt_core/execute1_0/divider_0/running_reg_n_0                   | microwatt_wrapper/microwatt_core/execute1_0/divider_0/quot[63]_i_1_n_0                      |               12 |             57 |         4.75 |
|  clk100_IBUF_BUFG | microwatt_wrapper/microwatt_core/execute1_0/divider_0/dend[128]                         | microwatt_wrapper/microwatt_core/decode2_0/rst_fetch1_reg_0                                 |               24 |             57 |         2.38 |
|  clk100_IBUF_BUFG | microwatt_wrapper/microwatt_core/dcache_0/reservation[addr]                             |                                                                                             |                9 |             58 |         6.44 |
|  clk100_IBUF_BUFG | microwatt_wrapper/microwatt_core/mmu_0/r[pgtbl3]                                        |                                                                                             |               26 |             58 |         2.23 |
|  clk100_IBUF_BUFG | microwatt_wrapper/microwatt_core/mmu_0/r[pgtbl0]                                        |                                                                                             |               25 |             58 |         2.32 |
|  clk100_IBUF_BUFG | microwatt_wrapper/microwatt_core/icache_0/rams[1].way/r_reg[req]                        |                                                                                             |               24 |             62 |         2.58 |
|  clk100_IBUF_BUFG | microwatt_wrapper/microwatt_core/decode2_0/rst_fetch1_reg_4[0]                          |                                                                                             |               29 |             63 |         2.17 |
|  clk100_IBUF_BUFG | microwatt_wrapper/microwatt_core/decode2_0/p_80_in                                      | microwatt_wrapper/microwatt_core/rst_fetch1                                                 |               21 |             63 |         3.00 |
|  clk100_IBUF_BUFG | microwatt_wrapper/microwatt_core/execute1_0/v[next_lr]                                  | microwatt_wrapper/microwatt_core/rst_fetch1                                                 |               16 |             63 |         3.94 |
|  clk100_IBUF_BUFG | microwatt_wrapper/microwatt_core/decode2_0/r_reg[e][insn][15]_1[0]                      | microwatt_wrapper/microwatt_core/mmu_0/SR[0]                                                |               23 |             64 |         2.78 |
|  clk100_IBUF_BUFG |                                                                                         | microwatt_wrapper/microwatt_core/mmu_0/itlb_valids0                                         |               21 |             64 |         3.05 |
|  clk100_IBUF_BUFG | microwatt_wrapper/microwatt_core/dcache_0/r1[wb][dat]                                   | microwatt_wrapper/microwatt_core/dcache_0/r1[wb][dat][63]_i_1_n_0                           |               29 |             64 |         2.21 |
|  clk100_IBUF_BUFG |                                                                                         | microwatt_wrapper/microwatt_core/execute1_0/divider_0/did_ovf                               |               31 |             64 |         2.06 |
|  clk100_IBUF_BUFG | microwatt_wrapper/microwatt_core/decode2_0/rst_fetch1_reg_1[0]                          |                                                                                             |               30 |             64 |         2.13 |
|  clk100_IBUF_BUFG | microwatt_wrapper/microwatt_core/loadstore1_0/r[load_data][63]_i_1_n_0                  |                                                                                             |               25 |             64 |         2.56 |
|  clk100_IBUF_BUFG | microwatt_wrapper/microwatt_core/execute1_0/divider_0/E[0]                              | microwatt_wrapper/microwatt_core/rst_fetch1                                                 |               19 |             64 |         3.37 |
|  clk100_IBUF_BUFG | microwatt_wrapper/microwatt_core/fetch1_0/r[nia][63]_i_1_n_0                            | microwatt_wrapper/microwatt_core/rst_fetch1                                                 |               20 |             64 |         3.20 |
|  clk100_IBUF_BUFG |                                                                                         | microwatt_wrapper/microwatt_core/execute1_0/r[e][write_data]                                |               51 |             64 |         1.25 |
|  clk100_IBUF_BUFG | microwatt_wrapper/microwatt_core/execute1_0/divider_0/dend[128]                         | microwatt_wrapper/microwatt_core/rst_fetch1                                                 |               37 |             64 |         1.73 |
|  clk100_IBUF_BUFG | microwatt_wrapper/microwatt_core/decode1_0/E[0]                                         |                                                                                             |               23 |             64 |         2.78 |
|  clk100_IBUF_BUFG | microwatt_wrapper/microwatt_core/mmu_0/r[iside]_i_1_n_0                                 |                                                                                             |               26 |             64 |         2.46 |
|  clk100_IBUF_BUFG | microwatt_wrapper/microwatt_core/decode2_0/E[0]                                         |                                                                                             |               24 |             64 |         2.67 |
|  clk100_IBUF_BUFG |                                                                                         | int_rst                                                                                     |               29 |             70 |         2.41 |
|  clk100_IBUF_BUFG | microwatt_wrapper/microwatt_core/icache_0/cache_tags_reg_0_63_44_44_i_1_n_0             |                                                                                             |               22 |             88 |         4.00 |
|  clk100_IBUF_BUFG | microwatt_wrapper/microwatt_core/icache_0/cache_tags_reg_0_63_0_0_i_1_n_0               |                                                                                             |               22 |             88 |         4.00 |
|  clk100_IBUF_BUFG | microwatt_wrapper/microwatt_core/dcache_0/cache_tags_reg_0_63_48_48_i_1_n_0             |                                                                                             |               22 |             88 |         4.00 |
|  clk100_IBUF_BUFG | microwatt_wrapper/microwatt_core/dcache_0/cache_tags_reg_0_63_0_0_i_1__0_n_0            |                                                                                             |               22 |             88 |         4.00 |
|  clk100_IBUF_BUFG | microwatt_wrapper/microwatt_core/decode2_0/rst_fetch1_reg_2[0]                          |                                                                                             |               57 |             98 |         1.72 |
|  clk100_IBUF_BUFG | microwatt_wrapper/microwatt_core/mmu_0/rst_fetch1_reg                                   |                                                                                             |               32 |            126 |         3.94 |
|  clk100_IBUF_BUFG |                                                                                         | microwatt_wrapper/microwatt_core/dcache_0/dtlb_valids_reg[0]0                               |               68 |            128 |         1.88 |
|  clk100_IBUF_BUFG | microwatt_wrapper/microwatt_core/dcache_0/r1[req][op][1]_i_1_n_0                        |                                                                                             |               48 |            130 |         2.71 |
|  clk100_IBUF_BUFG | microwatt_wrapper/microwatt_core/dcache_0/r0[req][dcbz]_i_2_n_0                         |                                                                                             |               52 |            131 |         2.52 |
|  clk100_IBUF_BUFG | microwatt_wrapper/microwatt_core/decode1_0/r[stop_mark]                                 | microwatt_wrapper/microwatt_core/rst_fetch1                                                 |               48 |            143 |         2.98 |
|  clk100_IBUF_BUFG | microwatt_wrapper/microwatt_core/decode1_0/s[stop_mark]30_out                           | microwatt_wrapper/microwatt_core/rst_fetch1                                                 |               48 |            143 |         2.98 |
|  clk100_IBUF_BUFG | microwatt_wrapper/microwatt_core/dcache_0/tlb_valid_way[1]_i_1_n_0                      |                                                                                             |               69 |            205 |         2.97 |
|  clk100_IBUF_BUFG | microwatt_wrapper/microwatt_core/loadstore1_0/r_reg[e][write_data][63][5]               |                                                                                             |               65 |            258 |         3.97 |
|  clk100_IBUF_BUFG | microwatt_wrapper/microwatt_core/execute1_0/E[0]                                        |                                                                                             |              113 |            259 |         2.29 |
|  clk100_IBUF_BUFG | microwatt_wrapper/microwatt_core/dcache_0/dtlb_tags_reg_0_63_0_2_i_4_n_0                |                                                                                             |               68 |            272 |         4.00 |
|  clk100_IBUF_BUFG | microwatt_wrapper/microwatt_core/execute1_0/r_reg[e][valid]0                            | microwatt_wrapper/microwatt_core/execute1_0/r[e][valid]                                     |              137 |            369 |         2.69 |
|  clk100_IBUF_BUFG |                                                                                         | microwatt_wrapper/microwatt_core/rst_fetch1                                                 |              276 |            555 |         2.01 |
|  clk100_IBUF_BUFG |                                                                                         |                                                                                             |              332 |            898 |         2.70 |
+-------------------+-----------------------------------------------------------------------------------------+---------------------------------------------------------------------------------------------+------------------+----------------+--------------+


